This is pdfTeX, Version 3.141592653-2.6-1.40.25 (TeX Live 2023/Debian) (preloaded format=pdflatex 2026.1.6)  7 JAN 2026 00:14
entering extended mode
 restricted \write18 enabled.
 file:line:error style messages enabled.
 %&-line parsing enabled.
**/home/nicololo/Desktop/ULPGC/Cuarto/VC/Entrega_FINAL_VC/INFORME/MEMORIA.tex
(/home/nicololo/Desktop/ULPGC/Cuarto/VC/Entrega_FINAL_VC/INFORME/MEMORIA.tex
LaTeX2e <2023-11-01> patch level 1
L3 programming layer <2024-01-22>
(/usr/share/texlive/texmf-dist/tex/latex/base/article.cls
Document Class: article 2023/05/17 v1.4n Standard LaTeX document class
(/usr/share/texlive/texmf-dist/tex/latex/base/size12.clo
File: size12.clo 2023/05/17 v1.4n Standard LaTeX file (size option)
)
\c@part=\count187
\c@section=\count188
\c@subsection=\count189
\c@subsubsection=\count190
\c@paragraph=\count191
\c@subparagraph=\count192
\c@figure=\count193
\c@table=\count194
\abovecaptionskip=\skip48
\belowcaptionskip=\skip49
\bibindent=\dimen140
) (/usr/share/texlive/texmf-dist/tex/latex/base/inputenc.sty
Package: inputenc 2021/02/14 v1.3d Input encoding file
\inpenc@prehook=\toks17
\inpenc@posthook=\toks18
) (/usr/share/texlive/texmf-dist/tex/generic/babel/babel.sty
Package: babel 2024/01/07 v24.1 The Babel package
\babel@savecnt=\count195
\U@D=\dimen141
\l@unhyphenated=\language89
 (/usr/share/texlive/texmf-dist/tex/generic/babel/txtbabel.def)
\bbl@readstream=\read2
\bbl@dirlevel=\count196
 (/usr/share/texlive/texmf-dist/tex/generic/babel-spanish/spanish.ldf
Language: spanish.ldf 2021/05/27 v5.0q Spanish support from the babel system
\es@quottoks=\toks19
\es@quotdepth=\count197
Package babel Info: Making " an active character on input line 570.
Package babel Info: Making . an active character on input line 675.
Package babel Info: Making < an active character on input line 722.
Package babel Info: Making > an active character on input line 722.
)) (/usr/share/texlive/texmf-dist/tex/generic/babel/locale/es/babel-spanish.tex
Package babel Info: Importing font and identification data for spanish
(babel)             from babel-es.ini. Reported on input line 11.
) (/usr/share/texlive/texmf-dist/tex/latex/graphics/graphicx.sty
Package: graphicx 2021/09/16 v1.2d Enhanced LaTeX Graphics (DPC,SPQR)
 (/usr/share/texlive/texmf-dist/tex/latex/graphics/keyval.sty
Package: keyval 2022/05/29 v1.15 key=value parser (DPC)
\KV@toks@=\toks20
) (/usr/share/texlive/texmf-dist/tex/latex/graphics/graphics.sty
Package: graphics 2022/03/10 v1.4e Standard LaTeX Graphics (DPC,SPQR)
 (/usr/share/texlive/texmf-dist/tex/latex/graphics/trig.sty
Package: trig 2021/08/11 v1.11 sin cos tan (DPC)
) (/usr/share/texlive/texmf-dist/tex/latex/graphics-cfg/graphics.cfg
File: graphics.cfg 2016/06/04 v1.11 sample graphics configuration
)
Package graphics Info: Driver file: pdftex.def on input line 107.
 (/usr/share/texlive/texmf-dist/tex/latex/graphics-def/pdftex.def
File: pdftex.def 2022/09/22 v1.2b Graphics/color driver for pdftex
))
\Gin@req@height=\dimen142
\Gin@req@width=\dimen143
) (/usr/share/texlive/texmf-dist/tex/latex/hyperref/hyperref.sty
Package: hyperref 2024-01-20 v7.01h Hypertext links for LaTeX
 (/usr/share/texlive/texmf-dist/tex/generic/iftex/iftex.sty
Package: iftex 2022/02/03 v1.0f TeX engine tests
) (/usr/share/texlive/texmf-dist/tex/latex/kvsetkeys/kvsetkeys.sty
Package: kvsetkeys 2022-10-05 v1.19 Key value parser (HO)
) (/usr/share/texlive/texmf-dist/tex/generic/kvdefinekeys/kvdefinekeys.sty
Package: kvdefinekeys 2019-12-19 v1.6 Define keys (HO)
) (/usr/share/texlive/texmf-dist/tex/generic/pdfescape/pdfescape.sty
Package: pdfescape 2019/12/09 v1.15 Implements pdfTeX's escape features (HO)
 (/usr/share/texlive/texmf-dist/tex/generic/ltxcmds/ltxcmds.sty
Package: ltxcmds 2023-12-04 v1.26 LaTeX kernel commands for general use (HO)
) (/usr/share/texlive/texmf-dist/tex/generic/pdftexcmds/pdftexcmds.sty
Package: pdftexcmds 2020-06-27 v0.33 Utility functions of pdfTeX for LuaTeX (HO)
 (/usr/share/texlive/texmf-dist/tex/generic/infwarerr/infwarerr.sty
Package: infwarerr 2019/12/03 v1.5 Providing info/warning/error messages (HO)
)
Package pdftexcmds Info: \pdf@primitive is available.
Package pdftexcmds Info: \pdf@ifprimitive is available.
Package pdftexcmds Info: \pdfdraftmode found.
)) (/usr/share/texlive/texmf-dist/tex/latex/hycolor/hycolor.sty
Package: hycolor 2020-01-27 v1.10 Color options for hyperref/bookmark (HO)
) (/usr/share/texlive/texmf-dist/tex/latex/auxhook/auxhook.sty
Package: auxhook 2019-12-17 v1.6 Hooks for auxiliary files (HO)
) (/usr/share/texlive/texmf-dist/tex/latex/hyperref/nameref.sty
Package: nameref 2023-11-26 v2.56 Cross-referencing by name of section
 (/usr/share/texlive/texmf-dist/tex/latex/refcount/refcount.sty
Package: refcount 2019/12/15 v3.6 Data extraction from label references (HO)
) (/usr/share/texlive/texmf-dist/tex/generic/gettitlestring/gettitlestring.sty
Package: gettitlestring 2019/12/15 v1.6 Cleanup title references (HO)
 (/usr/share/texlive/texmf-dist/tex/latex/kvoptions/kvoptions.sty
Package: kvoptions 2022-06-15 v3.15 Key value format for package options (HO)
))
\c@section@level=\count198
) (/usr/share/texlive/texmf-dist/tex/latex/etoolbox/etoolbox.sty
Package: etoolbox 2020/10/05 v2.5k e-TeX tools for LaTeX (JAW)
\etb@tempcnta=\count199
)
\@linkdim=\dimen144
\Hy@linkcounter=\count266
\Hy@pagecounter=\count267
 (/usr/share/texlive/texmf-dist/tex/latex/hyperref/pd1enc.def
File: pd1enc.def 2024-01-20 v7.01h Hyperref: PDFDocEncoding definition (HO)
Now handling font encoding PD1 ...
... no UTF-8 mapping file for font encoding PD1
) (/usr/share/texlive/texmf-dist/tex/generic/intcalc/intcalc.sty
Package: intcalc 2019/12/15 v1.3 Expandable calculations with integers (HO)
)
\Hy@SavedSpaceFactor=\count268
 (/usr/share/texlive/texmf-dist/tex/latex/hyperref/puenc.def
File: puenc.def 2024-01-20 v7.01h Hyperref: PDF Unicode definition (HO)
Now handling font encoding PU ...
... no UTF-8 mapping file for font encoding PU
)
Package hyperref Info: Hyper figures OFF on input line 4179.
Package hyperref Info: Link nesting OFF on input line 4184.
Package hyperref Info: Hyper index ON on input line 4187.
Package hyperref Info: Plain pages OFF on input line 4194.
Package hyperref Info: Backreferencing OFF on input line 4199.
Package hyperref Info: Implicit mode ON; LaTeX internals redefined.
Package hyperref Info: Bookmarks ON on input line 4446.
\c@Hy@tempcnt=\count269
 (/usr/share/texlive/texmf-dist/tex/latex/url/url.sty
\Urlmuskip=\muskip16
Package: url 2013/09/16  ver 3.4  Verb mode for urls, etc.
)
LaTeX Info: Redefining \url on input line 4784.
\XeTeXLinkMargin=\dimen145
 (/usr/share/texlive/texmf-dist/tex/generic/bitset/bitset.sty
Package: bitset 2019/12/09 v1.3 Handle bit-vector datatype (HO)
 (/usr/share/texlive/texmf-dist/tex/generic/bigintcalc/bigintcalc.sty
Package: bigintcalc 2019/12/15 v1.5 Expandable calculations on big integers (HO)
))
\Fld@menulength=\count270
\Field@Width=\dimen146
\Fld@charsize=\dimen147
Package hyperref Info: Hyper figures OFF on input line 6063.
Package hyperref Info: Link nesting OFF on input line 6068.
Package hyperref Info: Hyper index ON on input line 6071.
Package hyperref Info: backreferencing OFF on input line 6078.
Package hyperref Info: Link coloring OFF on input line 6083.
Package hyperref Info: Link coloring with OCG OFF on input line 6088.
Package hyperref Info: PDF/A mode OFF on input line 6093.
 (/usr/share/texlive/texmf-dist/tex/latex/base/atbegshi-ltx.sty
Package: atbegshi-ltx 2021/01/10 v1.0c Emulation of the original atbegshi
package with kernel methods
)
\Hy@abspage=\count271
\c@Item=\count272
\c@Hfootnote=\count273
)
Package hyperref Info: Driver (autodetected): hpdftex.
 (/usr/share/texlive/texmf-dist/tex/latex/hyperref/hpdftex.def
File: hpdftex.def 2024-01-20 v7.01h Hyperref driver for pdfTeX
 (/usr/share/texlive/texmf-dist/tex/latex/base/atveryend-ltx.sty
Package: atveryend-ltx 2020/08/19 v1.0a Emulation of the original atveryend package
with kernel methods
)
\Fld@listcount=\count274
\c@bookmark@seq@number=\count275
 (/usr/share/texlive/texmf-dist/tex/latex/rerunfilecheck/rerunfilecheck.sty
Package: rerunfilecheck 2022-07-10 v1.10 Rerun checks for auxiliary files (HO)
 (/usr/share/texlive/texmf-dist/tex/generic/uniquecounter/uniquecounter.sty
Package: uniquecounter 2019/12/15 v1.4 Provide unlimited unique counter (HO)
)
Package uniquecounter Info: New unique counter `rerunfilecheck' on input line 285.
)
\Hy@SectionHShift=\skip50
) (/usr/share/texlive/texmf-dist/tex/latex/listings/listings.sty
\lst@mode=\count276
\lst@gtempboxa=\box51
\lst@token=\toks21
\lst@length=\count277
\lst@currlwidth=\dimen148
\lst@column=\count278
\lst@pos=\count279
\lst@lostspace=\dimen149
\lst@width=\dimen150
\lst@newlines=\count280
\lst@lineno=\count281
\lst@maxwidth=\dimen151
 (/usr/share/texlive/texmf-dist/tex/latex/listings/lstmisc.sty
File: lstmisc.sty 2023/02/27 1.9 (Carsten Heinz)
\c@lstnumber=\count282
\lst@skipnumbers=\count283
\lst@framebox=\box52
) (/usr/share/texlive/texmf-dist/tex/latex/listings/listings.cfg
File: listings.cfg 2023/02/27 1.9 listings configuration
))
Package: listings 2023/02/27 1.9 (Carsten Heinz)
 (/usr/share/texlive/texmf-dist/tex/latex/xcolor/xcolor.sty
Package: xcolor 2023/11/15 v3.01 LaTeX color extensions (UK)
 (/usr/share/texlive/texmf-dist/tex/latex/graphics-cfg/color.cfg
File: color.cfg 2016/01/02 v1.6 sample color configuration
)
Package xcolor Info: Driver file: pdftex.def on input line 274.
 (/usr/share/texlive/texmf-dist/tex/latex/graphics/mathcolor.ltx)
Package xcolor Info: Model `cmy' substituted by `cmy0' on input line 1350.
Package xcolor Info: Model `hsb' substituted by `rgb' on input line 1354.
Package xcolor Info: Model `RGB' extended on input line 1366.
Package xcolor Info: Model `HTML' substituted by `rgb' on input line 1368.
Package xcolor Info: Model `Hsb' substituted by `hsb' on input line 1369.
Package xcolor Info: Model `tHsb' substituted by `hsb' on input line 1370.
Package xcolor Info: Model `HSB' substituted by `hsb' on input line 1371.
Package xcolor Info: Model `Gray' substituted by `gray' on input line 1372.
Package xcolor Info: Model `wave' substituted by `hsb' on input line 1373.
) (/usr/share/texlive/texmf-dist/tex/latex/geometry/geometry.sty
Package: geometry 2020/01/02 v5.9 Page Geometry
 (/usr/share/texlive/texmf-dist/tex/generic/iftex/ifvtex.sty
Package: ifvtex 2019/10/25 v1.7 ifvtex legacy package. Use iftex instead.
)
\Gm@cnth=\count284
\Gm@cntv=\count285
\c@Gm@tempcnt=\count286
\Gm@bindingoffset=\dimen152
\Gm@wd@mp=\dimen153
\Gm@odd@mp=\dimen154
\Gm@even@mp=\dimen155
\Gm@layoutwidth=\dimen156
\Gm@layoutheight=\dimen157
\Gm@layouthoffset=\dimen158
\Gm@layoutvoffset=\dimen159
\Gm@dimlist=\toks22
) (/usr/share/texlive/texmf-dist/tex/latex/base/fontenc.sty
Package: fontenc 2021/04/29 v2.0v Standard LaTeX package
) (/usr/share/texlive/texmf-dist/tex/latex/beamer/multimedia.sty
Package: multimedia 2012/05/02 ver 0.02
 (/usr/share/texlive/texmf-dist/tex/generic/iftex/ifpdf.sty
Package: ifpdf 2019/10/25 v3.4 ifpdf legacy package. Use iftex instead.
)
\mm@movie=\count287
) (/usr/share/texlive/texmf-dist/tex/latex/listings/lstlang1.sty
File: lstlang1.sty 2023/02/27 1.9 listings language file
) (/usr/share/texlive/texmf-dist/tex/latex/l3backend/l3backend-pdftex.def
File: l3backend-pdftex.def 2024-01-04 L3 backend support: PDF output (pdfTeX)
\l__color_backend_stack_int=\count288
\l__pdf_internal_box=\box53
) (./MEMORIA.aux)
\openout1 = `MEMORIA.aux'.

LaTeX Font Info:    Checking defaults for OML/cmm/m/it on input line 23.
LaTeX Font Info:    ... okay on input line 23.
LaTeX Font Info:    Checking defaults for OMS/cmsy/m/n on input line 23.
LaTeX Font Info:    ... okay on input line 23.
LaTeX Font Info:    Checking defaults for OT1/cmr/m/n on input line 23.
LaTeX Font Info:    ... okay on input line 23.
LaTeX Font Info:    Checking defaults for T1/cmr/m/n on input line 23.
LaTeX Font Info:    ... okay on input line 23.
LaTeX Font Info:    Checking defaults for TS1/cmr/m/n on input line 23.
LaTeX Font Info:    ... okay on input line 23.
LaTeX Font Info:    Checking defaults for OMX/cmex/m/n on input line 23.
LaTeX Font Info:    ... okay on input line 23.
LaTeX Font Info:    Checking defaults for U/cmr/m/n on input line 23.
LaTeX Font Info:    ... okay on input line 23.
LaTeX Font Info:    Checking defaults for PD1/pdf/m/n on input line 23.
LaTeX Font Info:    ... okay on input line 23.
LaTeX Font Info:    Checking defaults for PU/pdf/m/n on input line 23.
LaTeX Font Info:    ... okay on input line 23.
LaTeX Info: Redefining \. on input line 23.
LaTeX Info: Redefining \% on input line 23.
 (/usr/share/texlive/texmf-dist/tex/context/base/mkii/supp-pdf.mkii
[Loading MPS to PDF converter (version 2006.09.02).]
\scratchcounter=\count289
\scratchdimen=\dimen160
\scratchbox=\box54
\nofMPsegments=\count290
\nofMParguments=\count291
\everyMPshowfont=\toks23
\MPscratchCnt=\count292
\MPscratchDim=\dimen161
\MPnumerator=\count293
\makeMPintoPDFobject=\count294
\everyMPtoPDFconversion=\toks24
) (/usr/share/texlive/texmf-dist/tex/latex/epstopdf-pkg/epstopdf-base.sty
Package: epstopdf-base 2020-01-24 v2.11 Base part for package epstopdf
Package epstopdf-base Info: Redefining graphics rule for `.eps' on input line 485.
 (/usr/share/texlive/texmf-dist/tex/latex/latexconfig/epstopdf-sys.cfg
File: epstopdf-sys.cfg 2010/07/13 v1.3 Configuration of (r)epstopdf for TeX Live
))
Package hyperref Info: Link coloring OFF on input line 23.
\@outlinefile=\write3
\openout3 = `MEMORIA.out'.

\c@lstlisting=\count295

*geometry* driver: auto-detecting
*geometry* detected driver: pdftex
*geometry* verbose mode - [ preamble ] result:
* driver: pdftex
* paper: a4paper
* layout: <same size as paper>
* layoutoffset:(h,v)=(0.0pt,0.0pt)
* modes: 
* h-part:(L,W,R)=(72.26999pt, 452.9679pt, 72.26999pt)
* v-part:(T,H,B)=(72.26999pt, 700.50687pt, 72.26999pt)
* \paperwidth=597.50787pt
* \paperheight=845.04684pt
* \textwidth=452.9679pt
* \textheight=700.50687pt
* \oddsidemargin=0.0pt
* \evensidemargin=0.0pt
* \topmargin=-37.0pt
* \headheight=12.0pt
* \headsep=25.0pt
* \topskip=12.0pt
* \footskip=30.0pt
* \marginparwidth=35.0pt
* \marginparsep=10.0pt
* \columnsep=10.0pt
* \skip\footins=10.8pt plus 4.0pt minus 2.0pt
* \hoffset=0.0pt
* \voffset=0.0pt
* \mag=1000
* \@twocolumnfalse
* \@twosidefalse
* \@mparswitchfalse
* \@reversemarginfalse
* (1in=72.27pt=25.4mm, 1cm=28.453pt)

LaTeX Font Info:    External font `cmex10' loaded for size
(Font)              <12> on input line 47.
LaTeX Font Info:    External font `cmex10' loaded for size
(Font)              <8> on input line 47.
LaTeX Font Info:    External font `cmex10' loaded for size
(Font)              <6> on input line 47.
[1

{/var/lib/texmf/fonts/map/pdftex/updmap/pdftex.map}{/usr/share/texmf/fonts/enc/dvips/cm-super/cm-super-t1.enc}{/usr/share/texmf/fonts/enc/dvips/cm-super/cm-super-ts1.enc}]
No file MEMORIA.toc.
\tf@toc=\write4
\openout4 = `MEMORIA.toc'.

[2] [3]
LaTeX Font Info:    Trying to load font information for T1+cmtt on input line 145.
 (/usr/share/texlive/texmf-dist/tex/latex/base/t1cmtt.fd
File: t1cmtt.fd 2023/04/13 v2.5m Standard LaTeX font definitions
)

/home/nicololo/Desktop/ULPGC/Cuarto/VC/Entrega_FINAL_VC/INFORME/MEMORIA.tex:163: LaTeX Error: Unicode character ├ (U+251C)
               not set up for use with LaTeX.

See the LaTeX manual or LaTeX Companion for explanation.
Type  H <return>  for immediate help.
 ...                                              
                                                  
l.163 \end{verbatim}
                    
You may provide a definition with
\DeclareUnicodeCharacter 


/home/nicololo/Desktop/ULPGC/Cuarto/VC/Entrega_FINAL_VC/INFORME/MEMORIA.tex:163: LaTeX Error: Unicode character ─ (U+2500)
               not set up for use with LaTeX.

See the LaTeX manual or LaTeX Companion for explanation.
Type  H <return>  for immediate help.
 ...                                              
                                                  
l.163 \end{verbatim}
                    
You may provide a definition with
\DeclareUnicodeCharacter 


/home/nicololo/Desktop/ULPGC/Cuarto/VC/Entrega_FINAL_VC/INFORME/MEMORIA.tex:163: LaTeX Error: Unicode character ─ (U+2500)
               not set up for use with LaTeX.

See the LaTeX manual or LaTeX Companion for explanation.
Type  H <return>  for immediate help.
 ...                                              
                                                  
l.163 \end{verbatim}
                    
You may provide a definition with
\DeclareUnicodeCharacter 


/home/nicololo/Desktop/ULPGC/Cuarto/VC/Entrega_FINAL_VC/INFORME/MEMORIA.tex:163: LaTeX Error: Unicode character │ (U+2502)
               not set up for use with LaTeX.

See the LaTeX manual or LaTeX Companion for explanation.
Type  H <return>  for immediate help.
 ...                                              
                                                  
l.163 \end{verbatim}
                    
You may provide a definition with
\DeclareUnicodeCharacter 


/home/nicololo/Desktop/ULPGC/Cuarto/VC/Entrega_FINAL_VC/INFORME/MEMORIA.tex:163: LaTeX Error: Unicode character ├ (U+251C)
               not set up for use with LaTeX.

See the LaTeX manual or LaTeX Companion for explanation.
Type  H <return>  for immediate help.
 ...                                              
                                                  
l.163 \end{verbatim}
                    
You may provide a definition with
\DeclareUnicodeCharacter 


/home/nicololo/Desktop/ULPGC/Cuarto/VC/Entrega_FINAL_VC/INFORME/MEMORIA.tex:163: LaTeX Error: Unicode character ─ (U+2500)
               not set up for use with LaTeX.

See the LaTeX manual or LaTeX Companion for explanation.
Type  H <return>  for immediate help.
 ...                                              
                                                  
l.163 \end{verbatim}
                    
You may provide a definition with
\DeclareUnicodeCharacter 


/home/nicololo/Desktop/ULPGC/Cuarto/VC/Entrega_FINAL_VC/INFORME/MEMORIA.tex:163: LaTeX Error: Unicode character ─ (U+2500)
               not set up for use with LaTeX.

See the LaTeX manual or LaTeX Companion for explanation.
Type  H <return>  for immediate help.
 ...                                              
                                                  
l.163 \end{verbatim}
                    
You may provide a definition with
\DeclareUnicodeCharacter 


/home/nicololo/Desktop/ULPGC/Cuarto/VC/Entrega_FINAL_VC/INFORME/MEMORIA.tex:163: LaTeX Error: Unicode character │ (U+2502)
               not set up for use with LaTeX.

See the LaTeX manual or LaTeX Companion for explanation.
Type  H <return>  for immediate help.
 ...                                              
                                                  
l.163 \end{verbatim}
                    
You may provide a definition with
\DeclareUnicodeCharacter 


/home/nicololo/Desktop/ULPGC/Cuarto/VC/Entrega_FINAL_VC/INFORME/MEMORIA.tex:163: LaTeX Error: Unicode character ├ (U+251C)
               not set up for use with LaTeX.

See the LaTeX manual or LaTeX Companion for explanation.
Type  H <return>  for immediate help.
 ...                                              
                                                  
l.163 \end{verbatim}
                    
You may provide a definition with
\DeclareUnicodeCharacter 


/home/nicololo/Desktop/ULPGC/Cuarto/VC/Entrega_FINAL_VC/INFORME/MEMORIA.tex:163: LaTeX Error: Unicode character ─ (U+2500)
               not set up for use with LaTeX.

See the LaTeX manual or LaTeX Companion for explanation.
Type  H <return>  for immediate help.
 ...                                              
                                                  
l.163 \end{verbatim}
                    
You may provide a definition with
\DeclareUnicodeCharacter 


/home/nicololo/Desktop/ULPGC/Cuarto/VC/Entrega_FINAL_VC/INFORME/MEMORIA.tex:163: LaTeX Error: Unicode character ─ (U+2500)
               not set up for use with LaTeX.

See the LaTeX manual or LaTeX Companion for explanation.
Type  H <return>  for immediate help.
 ...                                              
                                                  
l.163 \end{verbatim}
                    
You may provide a definition with
\DeclareUnicodeCharacter 


/home/nicololo/Desktop/ULPGC/Cuarto/VC/Entrega_FINAL_VC/INFORME/MEMORIA.tex:163: LaTeX Error: Unicode character │ (U+2502)
               not set up for use with LaTeX.

See the LaTeX manual or LaTeX Companion for explanation.
Type  H <return>  for immediate help.
 ...                                              
                                                  
l.163 \end{verbatim}
                    
You may provide a definition with
\DeclareUnicodeCharacter 


/home/nicololo/Desktop/ULPGC/Cuarto/VC/Entrega_FINAL_VC/INFORME/MEMORIA.tex:163: LaTeX Error: Unicode character │ (U+2502)
               not set up for use with LaTeX.

See the LaTeX manual or LaTeX Companion for explanation.
Type  H <return>  for immediate help.
 ...                                              
                                                  
l.163 \end{verbatim}
                    
You may provide a definition with
\DeclareUnicodeCharacter 


/home/nicololo/Desktop/ULPGC/Cuarto/VC/Entrega_FINAL_VC/INFORME/MEMORIA.tex:163: LaTeX Error: Unicode character ├ (U+251C)
               not set up for use with LaTeX.

See the LaTeX manual or LaTeX Companion for explanation.
Type  H <return>  for immediate help.
 ...                                              
                                                  
l.163 \end{verbatim}
                    
You may provide a definition with
\DeclareUnicodeCharacter 


/home/nicololo/Desktop/ULPGC/Cuarto/VC/Entrega_FINAL_VC/INFORME/MEMORIA.tex:163: LaTeX Error: Unicode character ─ (U+2500)
               not set up for use with LaTeX.

See the LaTeX manual or LaTeX Companion for explanation.
Type  H <return>  for immediate help.
 ...                                              
                                                  
l.163 \end{verbatim}
                    
You may provide a definition with
\DeclareUnicodeCharacter 


/home/nicololo/Desktop/ULPGC/Cuarto/VC/Entrega_FINAL_VC/INFORME/MEMORIA.tex:163: LaTeX Error: Unicode character ─ (U+2500)
               not set up for use with LaTeX.

See the LaTeX manual or LaTeX Companion for explanation.
Type  H <return>  for immediate help.
 ...                                              
                                                  
l.163 \end{verbatim}
                    
You may provide a definition with
\DeclareUnicodeCharacter 


/home/nicololo/Desktop/ULPGC/Cuarto/VC/Entrega_FINAL_VC/INFORME/MEMORIA.tex:163: LaTeX Error: Unicode character │ (U+2502)
               not set up for use with LaTeX.

See the LaTeX manual or LaTeX Companion for explanation.
Type  H <return>  for immediate help.
 ...                                              
                                                  
l.163 \end{verbatim}
                    
You may provide a definition with
\DeclareUnicodeCharacter 


/home/nicololo/Desktop/ULPGC/Cuarto/VC/Entrega_FINAL_VC/INFORME/MEMORIA.tex:163: LaTeX Error: Unicode character │ (U+2502)
               not set up for use with LaTeX.

See the LaTeX manual or LaTeX Companion for explanation.
Type  H <return>  for immediate help.
 ...                                              
                                                  
l.163 \end{verbatim}
                    
You may provide a definition with
\DeclareUnicodeCharacter 


/home/nicololo/Desktop/ULPGC/Cuarto/VC/Entrega_FINAL_VC/INFORME/MEMORIA.tex:163: LaTeX Error: Unicode character ├ (U+251C)
               not set up for use with LaTeX.

See the LaTeX manual or LaTeX Companion for explanation.
Type  H <return>  for immediate help.
 ...                                              
                                                  
l.163 \end{verbatim}
                    
You may provide a definition with
\DeclareUnicodeCharacter 


/home/nicololo/Desktop/ULPGC/Cuarto/VC/Entrega_FINAL_VC/INFORME/MEMORIA.tex:163: LaTeX Error: Unicode character ─ (U+2500)
               not set up for use with LaTeX.

See the LaTeX manual or LaTeX Companion for explanation.
Type  H <return>  for immediate help.
 ...                                              
                                                  
l.163 \end{verbatim}
                    
You may provide a definition with
\DeclareUnicodeCharacter 


/home/nicololo/Desktop/ULPGC/Cuarto/VC/Entrega_FINAL_VC/INFORME/MEMORIA.tex:163: LaTeX Error: Unicode character ─ (U+2500)
               not set up for use with LaTeX.

See the LaTeX manual or LaTeX Companion for explanation.
Type  H <return>  for immediate help.
 ...                                              
                                                  
l.163 \end{verbatim}
                    
You may provide a definition with
\DeclareUnicodeCharacter 


/home/nicololo/Desktop/ULPGC/Cuarto/VC/Entrega_FINAL_VC/INFORME/MEMORIA.tex:163: LaTeX Error: Unicode character │ (U+2502)
               not set up for use with LaTeX.

See the LaTeX manual or LaTeX Companion for explanation.
Type  H <return>  for immediate help.
 ...                                              
                                                  
l.163 \end{verbatim}
                    
You may provide a definition with
\DeclareUnicodeCharacter 


/home/nicololo/Desktop/ULPGC/Cuarto/VC/Entrega_FINAL_VC/INFORME/MEMORIA.tex:163: LaTeX Error: Unicode character │ (U+2502)
               not set up for use with LaTeX.

See the LaTeX manual or LaTeX Companion for explanation.
Type  H <return>  for immediate help.
 ...                                              
                                                  
l.163 \end{verbatim}
                    
You may provide a definition with
\DeclareUnicodeCharacter 


/home/nicololo/Desktop/ULPGC/Cuarto/VC/Entrega_FINAL_VC/INFORME/MEMORIA.tex:163: LaTeX Error: Unicode character ├ (U+251C)
               not set up for use with LaTeX.

See the LaTeX manual or LaTeX Companion for explanation.
Type  H <return>  for immediate help.
 ...                                              
                                                  
l.163 \end{verbatim}
                    
You may provide a definition with
\DeclareUnicodeCharacter 


/home/nicololo/Desktop/ULPGC/Cuarto/VC/Entrega_FINAL_VC/INFORME/MEMORIA.tex:163: LaTeX Error: Unicode character ─ (U+2500)
               not set up for use with LaTeX.

See the LaTeX manual or LaTeX Companion for explanation.
Type  H <return>  for immediate help.
 ...                                              
                                                  
l.163 \end{verbatim}
                    
You may provide a definition with
\DeclareUnicodeCharacter 


/home/nicololo/Desktop/ULPGC/Cuarto/VC/Entrega_FINAL_VC/INFORME/MEMORIA.tex:163: LaTeX Error: Unicode character ─ (U+2500)
               not set up for use with LaTeX.

See the LaTeX manual or LaTeX Companion for explanation.
Type  H <return>  for immediate help.
 ...                                              
                                                  
l.163 \end{verbatim}
                    
You may provide a definition with
\DeclareUnicodeCharacter 


/home/nicololo/Desktop/ULPGC/Cuarto/VC/Entrega_FINAL_VC/INFORME/MEMORIA.tex:163: LaTeX Error: Unicode character │ (U+2502)
               not set up for use with LaTeX.

See the LaTeX manual or LaTeX Companion for explanation.
Type  H <return>  for immediate help.
 ...                                              
                                                  
l.163 \end{verbatim}
                    
You may provide a definition with
\DeclareUnicodeCharacter 


/home/nicololo/Desktop/ULPGC/Cuarto/VC/Entrega_FINAL_VC/INFORME/MEMORIA.tex:163: LaTeX Error: Unicode character │ (U+2502)
               not set up for use with LaTeX.

See the LaTeX manual or LaTeX Companion for explanation.
Type  H <return>  for immediate help.
 ...                                              
                                                  
l.163 \end{verbatim}
                    
You may provide a definition with
\DeclareUnicodeCharacter 


/home/nicololo/Desktop/ULPGC/Cuarto/VC/Entrega_FINAL_VC/INFORME/MEMORIA.tex:163: LaTeX Error: Unicode character ├ (U+251C)
               not set up for use with LaTeX.

See the LaTeX manual or LaTeX Companion for explanation.
Type  H <return>  for immediate help.
 ...                                              
                                                  
l.163 \end{verbatim}
                    
You may provide a definition with
\DeclareUnicodeCharacter 


/home/nicololo/Desktop/ULPGC/Cuarto/VC/Entrega_FINAL_VC/INFORME/MEMORIA.tex:163: LaTeX Error: Unicode character ─ (U+2500)
               not set up for use with LaTeX.

See the LaTeX manual or LaTeX Companion for explanation.
Type  H <return>  for immediate help.
 ...                                              
                                                  
l.163 \end{verbatim}
                    
You may provide a definition with
\DeclareUnicodeCharacter 


/home/nicololo/Desktop/ULPGC/Cuarto/VC/Entrega_FINAL_VC/INFORME/MEMORIA.tex:163: LaTeX Error: Unicode character ─ (U+2500)
               not set up for use with LaTeX.

See the LaTeX manual or LaTeX Companion for explanation.
Type  H <return>  for immediate help.
 ...                                              
                                                  
l.163 \end{verbatim}
                    
You may provide a definition with
\DeclareUnicodeCharacter 


/home/nicololo/Desktop/ULPGC/Cuarto/VC/Entrega_FINAL_VC/INFORME/MEMORIA.tex:163: LaTeX Error: Unicode character │ (U+2502)
               not set up for use with LaTeX.

See the LaTeX manual or LaTeX Companion for explanation.
Type  H <return>  for immediate help.
 ...                                              
                                                  
l.163 \end{verbatim}
                    
You may provide a definition with
\DeclareUnicodeCharacter 


/home/nicololo/Desktop/ULPGC/Cuarto/VC/Entrega_FINAL_VC/INFORME/MEMORIA.tex:163: LaTeX Error: Unicode character │ (U+2502)
               not set up for use with LaTeX.

See the LaTeX manual or LaTeX Companion for explanation.
Type  H <return>  for immediate help.
 ...                                              
                                                  
l.163 \end{verbatim}
                    
You may provide a definition with
\DeclareUnicodeCharacter 


/home/nicololo/Desktop/ULPGC/Cuarto/VC/Entrega_FINAL_VC/INFORME/MEMORIA.tex:163: LaTeX Error: Unicode character ├ (U+251C)
               not set up for use with LaTeX.

See the LaTeX manual or LaTeX Companion for explanation.
Type  H <return>  for immediate help.
 ...                                              
                                                  
l.163 \end{verbatim}
                    
You may provide a definition with
\DeclareUnicodeCharacter 


/home/nicololo/Desktop/ULPGC/Cuarto/VC/Entrega_FINAL_VC/INFORME/MEMORIA.tex:163: LaTeX Error: Unicode character ─ (U+2500)
               not set up for use with LaTeX.

See the LaTeX manual or LaTeX Companion for explanation.
Type  H <return>  for immediate help.
 ...                                              
                                                  
l.163 \end{verbatim}
                    
You may provide a definition with
\DeclareUnicodeCharacter 


/home/nicololo/Desktop/ULPGC/Cuarto/VC/Entrega_FINAL_VC/INFORME/MEMORIA.tex:163: LaTeX Error: Unicode character ─ (U+2500)
               not set up for use with LaTeX.

See the LaTeX manual or LaTeX Companion for explanation.
Type  H <return>  for immediate help.
 ...                                              
                                                  
l.163 \end{verbatim}
                    
You may provide a definition with
\DeclareUnicodeCharacter 


/home/nicololo/Desktop/ULPGC/Cuarto/VC/Entrega_FINAL_VC/INFORME/MEMORIA.tex:163: LaTeX Error: Unicode character │ (U+2502)
               not set up for use with LaTeX.

See the LaTeX manual or LaTeX Companion for explanation.
Type  H <return>  for immediate help.
 ...                                              
                                                  
l.163 \end{verbatim}
                    
You may provide a definition with
\DeclareUnicodeCharacter 


/home/nicololo/Desktop/ULPGC/Cuarto/VC/Entrega_FINAL_VC/INFORME/MEMORIA.tex:163: LaTeX Error: Unicode character │ (U+2502)
               not set up for use with LaTeX.

See the LaTeX manual or LaTeX Companion for explanation.
Type  H <return>  for immediate help.
 ...                                              
                                                  
l.163 \end{verbatim}
                    
You may provide a definition with
\DeclareUnicodeCharacter 


/home/nicololo/Desktop/ULPGC/Cuarto/VC/Entrega_FINAL_VC/INFORME/MEMORIA.tex:163: LaTeX Error: Unicode character ├ (U+251C)
               not set up for use with LaTeX.

See the LaTeX manual or LaTeX Companion for explanation.
Type  H <return>  for immediate help.
 ...                                              
                                                  
l.163 \end{verbatim}
                    
You may provide a definition with
\DeclareUnicodeCharacter 


/home/nicololo/Desktop/ULPGC/Cuarto/VC/Entrega_FINAL_VC/INFORME/MEMORIA.tex:163: LaTeX Error: Unicode character ─ (U+2500)
               not set up for use with LaTeX.

See the LaTeX manual or LaTeX Companion for explanation.
Type  H <return>  for immediate help.
 ...                                              
                                                  
l.163 \end{verbatim}
                    
You may provide a definition with
\DeclareUnicodeCharacter 


/home/nicololo/Desktop/ULPGC/Cuarto/VC/Entrega_FINAL_VC/INFORME/MEMORIA.tex:163: LaTeX Error: Unicode character ─ (U+2500)
               not set up for use with LaTeX.

See the LaTeX manual or LaTeX Companion for explanation.
Type  H <return>  for immediate help.
 ...                                              
                                                  
l.163 \end{verbatim}
                    
You may provide a definition with
\DeclareUnicodeCharacter 


/home/nicololo/Desktop/ULPGC/Cuarto/VC/Entrega_FINAL_VC/INFORME/MEMORIA.tex:163: LaTeX Error: Unicode character │ (U+2502)
               not set up for use with LaTeX.

See the LaTeX manual or LaTeX Companion for explanation.
Type  H <return>  for immediate help.
 ...                                              
                                                  
l.163 \end{verbatim}
                    
You may provide a definition with
\DeclareUnicodeCharacter 


/home/nicololo/Desktop/ULPGC/Cuarto/VC/Entrega_FINAL_VC/INFORME/MEMORIA.tex:163: LaTeX Error: Unicode character │ (U+2502)
               not set up for use with LaTeX.

See the LaTeX manual or LaTeX Companion for explanation.
Type  H <return>  for immediate help.
 ...                                              
                                                  
l.163 \end{verbatim}
                    
You may provide a definition with
\DeclareUnicodeCharacter 


/home/nicololo/Desktop/ULPGC/Cuarto/VC/Entrega_FINAL_VC/INFORME/MEMORIA.tex:163: LaTeX Error: Unicode character ├ (U+251C)
               not set up for use with LaTeX.

See the LaTeX manual or LaTeX Companion for explanation.
Type  H <return>  for immediate help.
 ...                                              
                                                  
l.163 \end{verbatim}
                    
You may provide a definition with
\DeclareUnicodeCharacter 


/home/nicololo/Desktop/ULPGC/Cuarto/VC/Entrega_FINAL_VC/INFORME/MEMORIA.tex:163: LaTeX Error: Unicode character ─ (U+2500)
               not set up for use with LaTeX.

See the LaTeX manual or LaTeX Companion for explanation.
Type  H <return>  for immediate help.
 ...                                              
                                                  
l.163 \end{verbatim}
                    
You may provide a definition with
\DeclareUnicodeCharacter 


/home/nicololo/Desktop/ULPGC/Cuarto/VC/Entrega_FINAL_VC/INFORME/MEMORIA.tex:163: LaTeX Error: Unicode character ─ (U+2500)
               not set up for use with LaTeX.

See the LaTeX manual or LaTeX Companion for explanation.
Type  H <return>  for immediate help.
 ...                                              
                                                  
l.163 \end{verbatim}
                    
You may provide a definition with
\DeclareUnicodeCharacter 


/home/nicololo/Desktop/ULPGC/Cuarto/VC/Entrega_FINAL_VC/INFORME/MEMORIA.tex:163: LaTeX Error: Unicode character │ (U+2502)
               not set up for use with LaTeX.

See the LaTeX manual or LaTeX Companion for explanation.
Type  H <return>  for immediate help.
 ...                                              
                                                  
l.163 \end{verbatim}
                    
You may provide a definition with
\DeclareUnicodeCharacter 


/home/nicololo/Desktop/ULPGC/Cuarto/VC/Entrega_FINAL_VC/INFORME/MEMORIA.tex:163: LaTeX Error: Unicode character │ (U+2502)
               not set up for use with LaTeX.

See the LaTeX manual or LaTeX Companion for explanation.
Type  H <return>  for immediate help.
 ...                                              
                                                  
l.163 \end{verbatim}
                    
You may provide a definition with
\DeclareUnicodeCharacter 


/home/nicololo/Desktop/ULPGC/Cuarto/VC/Entrega_FINAL_VC/INFORME/MEMORIA.tex:163: LaTeX Error: Unicode character └ (U+2514)
               not set up for use with LaTeX.

See the LaTeX manual or LaTeX Companion for explanation.
Type  H <return>  for immediate help.
 ...                                              
                                                  
l.163 \end{verbatim}
                    
You may provide a definition with
\DeclareUnicodeCharacter 


/home/nicololo/Desktop/ULPGC/Cuarto/VC/Entrega_FINAL_VC/INFORME/MEMORIA.tex:163: LaTeX Error: Unicode character ─ (U+2500)
               not set up for use with LaTeX.

See the LaTeX manual or LaTeX Companion for explanation.
Type  H <return>  for immediate help.
 ...                                              
                                                  
l.163 \end{verbatim}
                    
You may provide a definition with
\DeclareUnicodeCharacter 


/home/nicololo/Desktop/ULPGC/Cuarto/VC/Entrega_FINAL_VC/INFORME/MEMORIA.tex:163: LaTeX Error: Unicode character ─ (U+2500)
               not set up for use with LaTeX.

See the LaTeX manual or LaTeX Companion for explanation.
Type  H <return>  for immediate help.
 ...                                              
                                                  
l.163 \end{verbatim}
                    
You may provide a definition with
\DeclareUnicodeCharacter 


/home/nicololo/Desktop/ULPGC/Cuarto/VC/Entrega_FINAL_VC/INFORME/MEMORIA.tex:163: LaTeX Error: Unicode character │ (U+2502)
               not set up for use with LaTeX.

See the LaTeX manual or LaTeX Companion for explanation.
Type  H <return>  for immediate help.
 ...                                              
                                                  
l.163 \end{verbatim}
                    
You may provide a definition with
\DeclareUnicodeCharacter 


/home/nicololo/Desktop/ULPGC/Cuarto/VC/Entrega_FINAL_VC/INFORME/MEMORIA.tex:163: LaTeX Error: Unicode character └ (U+2514)
               not set up for use with LaTeX.

See the LaTeX manual or LaTeX Companion for explanation.
Type  H <return>  for immediate help.
 ...                                              
                                                  
l.163 \end{verbatim}
                    
You may provide a definition with
\DeclareUnicodeCharacter 


/home/nicololo/Desktop/ULPGC/Cuarto/VC/Entrega_FINAL_VC/INFORME/MEMORIA.tex:163: LaTeX Error: Unicode character ─ (U+2500)
               not set up for use with LaTeX.

See the LaTeX manual or LaTeX Companion for explanation.
Type  H <return>  for immediate help.
 ...                                              
                                                  
l.163 \end{verbatim}
                    
You may provide a definition with
\DeclareUnicodeCharacter 


/home/nicololo/Desktop/ULPGC/Cuarto/VC/Entrega_FINAL_VC/INFORME/MEMORIA.tex:163: LaTeX Error: Unicode character ─ (U+2500)
               not set up for use with LaTeX.

See the LaTeX manual or LaTeX Companion for explanation.
Type  H <return>  for immediate help.
 ...                                              
                                                  
l.163 \end{verbatim}
                    
You may provide a definition with
\DeclareUnicodeCharacter 


/home/nicololo/Desktop/ULPGC/Cuarto/VC/Entrega_FINAL_VC/INFORME/MEMORIA.tex:163: LaTeX Error: Unicode character │ (U+2502)
               not set up for use with LaTeX.

See the LaTeX manual or LaTeX Companion for explanation.
Type  H <return>  for immediate help.
 ...                                              
                                                  
l.163 \end{verbatim}
                    
You may provide a definition with
\DeclareUnicodeCharacter 


/home/nicololo/Desktop/ULPGC/Cuarto/VC/Entrega_FINAL_VC/INFORME/MEMORIA.tex:163: LaTeX Error: Unicode character ├ (U+251C)
               not set up for use with LaTeX.

See the LaTeX manual or LaTeX Companion for explanation.
Type  H <return>  for immediate help.
 ...                                              
                                                  
l.163 \end{verbatim}
                    
You may provide a definition with
\DeclareUnicodeCharacter 


/home/nicololo/Desktop/ULPGC/Cuarto/VC/Entrega_FINAL_VC/INFORME/MEMORIA.tex:163: LaTeX Error: Unicode character ─ (U+2500)
               not set up for use with LaTeX.

See the LaTeX manual or LaTeX Companion for explanation.
Type  H <return>  for immediate help.
 ...                                              
                                                  
l.163 \end{verbatim}
                    
You may provide a definition with
\DeclareUnicodeCharacter 


/home/nicololo/Desktop/ULPGC/Cuarto/VC/Entrega_FINAL_VC/INFORME/MEMORIA.tex:163: LaTeX Error: Unicode character ─ (U+2500)
               not set up for use with LaTeX.

See the LaTeX manual or LaTeX Companion for explanation.
Type  H <return>  for immediate help.
 ...                                              
                                                  
l.163 \end{verbatim}
                    
You may provide a definition with
\DeclareUnicodeCharacter 


/home/nicololo/Desktop/ULPGC/Cuarto/VC/Entrega_FINAL_VC/INFORME/MEMORIA.tex:163: LaTeX Error: Unicode character │ (U+2502)
               not set up for use with LaTeX.

See the LaTeX manual or LaTeX Companion for explanation.
Type  H <return>  for immediate help.
 ...                                              
                                                  
l.163 \end{verbatim}
                    
You may provide a definition with
\DeclareUnicodeCharacter 


/home/nicololo/Desktop/ULPGC/Cuarto/VC/Entrega_FINAL_VC/INFORME/MEMORIA.tex:163: LaTeX Error: Unicode character ├ (U+251C)
               not set up for use with LaTeX.

See the LaTeX manual or LaTeX Companion for explanation.
Type  H <return>  for immediate help.
 ...                                              
                                                  
l.163 \end{verbatim}
                    
You may provide a definition with
\DeclareUnicodeCharacter 


/home/nicololo/Desktop/ULPGC/Cuarto/VC/Entrega_FINAL_VC/INFORME/MEMORIA.tex:163: LaTeX Error: Unicode character ─ (U+2500)
               not set up for use with LaTeX.

See the LaTeX manual or LaTeX Companion for explanation.
Type  H <return>  for immediate help.
 ...                                              
                                                  
l.163 \end{verbatim}
                    
You may provide a definition with
\DeclareUnicodeCharacter 


/home/nicololo/Desktop/ULPGC/Cuarto/VC/Entrega_FINAL_VC/INFORME/MEMORIA.tex:163: LaTeX Error: Unicode character ─ (U+2500)
               not set up for use with LaTeX.

See the LaTeX manual or LaTeX Companion for explanation.
Type  H <return>  for immediate help.
 ...                                              
                                                  
l.163 \end{verbatim}
                    
You may provide a definition with
\DeclareUnicodeCharacter 


/home/nicololo/Desktop/ULPGC/Cuarto/VC/Entrega_FINAL_VC/INFORME/MEMORIA.tex:163: LaTeX Error: Unicode character │ (U+2502)
               not set up for use with LaTeX.

See the LaTeX manual or LaTeX Companion for explanation.
Type  H <return>  for immediate help.
 ...                                              
                                                  
l.163 \end{verbatim}
                    
You may provide a definition with
\DeclareUnicodeCharacter 


/home/nicololo/Desktop/ULPGC/Cuarto/VC/Entrega_FINAL_VC/INFORME/MEMORIA.tex:163: LaTeX Error: Unicode character ├ (U+251C)
               not set up for use with LaTeX.

See the LaTeX manual or LaTeX Companion for explanation.
Type  H <return>  for immediate help.
 ...                                              
                                                  
l.163 \end{verbatim}
                    
You may provide a definition with
\DeclareUnicodeCharacter 


/home/nicololo/Desktop/ULPGC/Cuarto/VC/Entrega_FINAL_VC/INFORME/MEMORIA.tex:163: LaTeX Error: Unicode character ─ (U+2500)
               not set up for use with LaTeX.

See the LaTeX manual or LaTeX Companion for explanation.
Type  H <return>  for immediate help.
 ...                                              
                                                  
l.163 \end{verbatim}
                    
You may provide a definition with
\DeclareUnicodeCharacter 


/home/nicololo/Desktop/ULPGC/Cuarto/VC/Entrega_FINAL_VC/INFORME/MEMORIA.tex:163: LaTeX Error: Unicode character ─ (U+2500)
               not set up for use with LaTeX.

See the LaTeX manual or LaTeX Companion for explanation.
Type  H <return>  for immediate help.
 ...                                              
                                                  
l.163 \end{verbatim}
                    
You may provide a definition with
\DeclareUnicodeCharacter 


/home/nicololo/Desktop/ULPGC/Cuarto/VC/Entrega_FINAL_VC/INFORME/MEMORIA.tex:163: LaTeX Error: Unicode character │ (U+2502)
               not set up for use with LaTeX.

See the LaTeX manual or LaTeX Companion for explanation.
Type  H <return>  for immediate help.
 ...                                              
                                                  
l.163 \end{verbatim}
                    
You may provide a definition with
\DeclareUnicodeCharacter 


/home/nicololo/Desktop/ULPGC/Cuarto/VC/Entrega_FINAL_VC/INFORME/MEMORIA.tex:163: LaTeX Error: Unicode character └ (U+2514)
               not set up for use with LaTeX.

See the LaTeX manual or LaTeX Companion for explanation.
Type  H <return>  for immediate help.
 ...                                              
                                                  
l.163 \end{verbatim}
                    
You may provide a definition with
\DeclareUnicodeCharacter 


/home/nicololo/Desktop/ULPGC/Cuarto/VC/Entrega_FINAL_VC/INFORME/MEMORIA.tex:163: LaTeX Error: Unicode character ─ (U+2500)
               not set up for use with LaTeX.

See the LaTeX manual or LaTeX Companion for explanation.
Type  H <return>  for immediate help.
 ...                                              
                                                  
l.163 \end{verbatim}
                    
You may provide a definition with
\DeclareUnicodeCharacter 


/home/nicololo/Desktop/ULPGC/Cuarto/VC/Entrega_FINAL_VC/INFORME/MEMORIA.tex:163: LaTeX Error: Unicode character ─ (U+2500)
               not set up for use with LaTeX.

See the LaTeX manual or LaTeX Companion for explanation.
Type  H <return>  for immediate help.
 ...                                              
                                                  
l.163 \end{verbatim}
                    
You may provide a definition with
\DeclareUnicodeCharacter 

[4] [5] [6] [7] [8]
LaTeX Font Info:    Trying to load font information for TS1+cmtt on input line 390.
 (/usr/share/texlive/texmf-dist/tex/latex/base/ts1cmtt.fd
File: ts1cmtt.fd 2023/04/13 v2.5m Standard LaTeX font definitions
) [9] [10]

LaTeX Warning: File `characters/SAW.png' not found on input line 490.


/home/nicololo/Desktop/ULPGC/Cuarto/VC/Entrega_FINAL_VC/INFORME/MEMORIA.tex:490: Package pdftex.def Error: File `characters/SAW.png' not found: using draft setting.

See the pdftex.def package documentation for explanation.
Type  H <return>  for immediate help.
 ...                                              
                                                  
l.490 ...[width=0.6\textwidth]{characters/SAW.png}
                                                  
Try typing  <return>  to proceed.
If that doesn't work, type  X <return>  to quit.

[11]

LaTeX Warning: File `characters/ET.png' not found on input line 506.


/home/nicololo/Desktop/ULPGC/Cuarto/VC/Entrega_FINAL_VC/INFORME/MEMORIA.tex:506: Package pdftex.def Error: File `characters/ET.png' not found: using draft setting.

See the pdftex.def package documentation for explanation.
Type  H <return>  for immediate help.
 ...                                              
                                                  
l.506 ...s[width=0.6\textwidth]{characters/ET.png}
                                                  
Try typing  <return>  to proceed.
If that doesn't work, type  X <return>  to quit.

[12]

LaTeX Warning: File `characters/ELEVEN.png' not found on input line 522.


/home/nicololo/Desktop/ULPGC/Cuarto/VC/Entrega_FINAL_VC/INFORME/MEMORIA.tex:522: Package pdftex.def Error: File `characters/ELEVEN.png' not found: using draft setting.

See the pdftex.def package documentation for explanation.
Type  H <return>  for immediate help.
 ...                                              
                                                  
l.522 ...dth=0.6\textwidth]{characters/ELEVEN.png}
                                                  
Try typing  <return>  to proceed.
If that doesn't work, type  X <return>  to quit.

[13]

LaTeX Warning: File `characters/HOMER.png' not found on input line 538.


/home/nicololo/Desktop/ULPGC/Cuarto/VC/Entrega_FINAL_VC/INFORME/MEMORIA.tex:538: Package pdftex.def Error: File `characters/HOMER.png' not found: using draft setting.

See the pdftex.def package documentation for explanation.
Type  H <return>  for immediate help.
 ...                                              
                                                  
l.538 ...idth=0.6\textwidth]{characters/HOMER.png}
                                                  
Try typing  <return>  to proceed.
If that doesn't work, type  X <return>  to quit.

[14] [15]

/home/nicololo/Desktop/ULPGC/Cuarto/VC/Entrega_FINAL_VC/INFORME/MEMORIA.tex:621: LaTeX Error: Unicode character ├ (U+251C)
               not set up for use with LaTeX.

See the LaTeX manual or LaTeX Companion for explanation.
Type  H <return>  for immediate help.
 ...                                              
                                                  
l.621 \end{verbatim}
                    
You may provide a definition with
\DeclareUnicodeCharacter 


/home/nicololo/Desktop/ULPGC/Cuarto/VC/Entrega_FINAL_VC/INFORME/MEMORIA.tex:621: LaTeX Error: Unicode character ─ (U+2500)
               not set up for use with LaTeX.

See the LaTeX manual or LaTeX Companion for explanation.
Type  H <return>  for immediate help.
 ...                                              
                                                  
l.621 \end{verbatim}
                    
You may provide a definition with
\DeclareUnicodeCharacter 


/home/nicololo/Desktop/ULPGC/Cuarto/VC/Entrega_FINAL_VC/INFORME/MEMORIA.tex:621: LaTeX Error: Unicode character ─ (U+2500)
               not set up for use with LaTeX.

See the LaTeX manual or LaTeX Companion for explanation.
Type  H <return>  for immediate help.
 ...                                              
                                                  
l.621 \end{verbatim}
                    
You may provide a definition with
\DeclareUnicodeCharacter 


/home/nicololo/Desktop/ULPGC/Cuarto/VC/Entrega_FINAL_VC/INFORME/MEMORIA.tex:621: LaTeX Error: Unicode character │ (U+2502)
               not set up for use with LaTeX.

See the LaTeX manual or LaTeX Companion for explanation.
Type  H <return>  for immediate help.
 ...                                              
                                                  
l.621 \end{verbatim}
                    
You may provide a definition with
\DeclareUnicodeCharacter 


/home/nicololo/Desktop/ULPGC/Cuarto/VC/Entrega_FINAL_VC/INFORME/MEMORIA.tex:621: LaTeX Error: Unicode character └ (U+2514)
               not set up for use with LaTeX.

See the LaTeX manual or LaTeX Companion for explanation.
Type  H <return>  for immediate help.
 ...                                              
                                                  
l.621 \end{verbatim}
                    
You may provide a definition with
\DeclareUnicodeCharacter 


/home/nicololo/Desktop/ULPGC/Cuarto/VC/Entrega_FINAL_VC/INFORME/MEMORIA.tex:621: LaTeX Error: Unicode character ─ (U+2500)
               not set up for use with LaTeX.

See the LaTeX manual or LaTeX Companion for explanation.
Type  H <return>  for immediate help.
 ...                                              
                                                  
l.621 \end{verbatim}
                    
You may provide a definition with
\DeclareUnicodeCharacter 


/home/nicololo/Desktop/ULPGC/Cuarto/VC/Entrega_FINAL_VC/INFORME/MEMORIA.tex:621: LaTeX Error: Unicode character ─ (U+2500)
               not set up for use with LaTeX.

See the LaTeX manual or LaTeX Companion for explanation.
Type  H <return>  for immediate help.
 ...                                              
                                                  
l.621 \end{verbatim}
                    
You may provide a definition with
\DeclareUnicodeCharacter 


/home/nicololo/Desktop/ULPGC/Cuarto/VC/Entrega_FINAL_VC/INFORME/MEMORIA.tex:621: LaTeX Error: Unicode character ├ (U+251C)
               not set up for use with LaTeX.

See the LaTeX manual or LaTeX Companion for explanation.
Type  H <return>  for immediate help.
 ...                                              
                                                  
l.621 \end{verbatim}
                    
You may provide a definition with
\DeclareUnicodeCharacter 


/home/nicololo/Desktop/ULPGC/Cuarto/VC/Entrega_FINAL_VC/INFORME/MEMORIA.tex:621: LaTeX Error: Unicode character ─ (U+2500)
               not set up for use with LaTeX.

See the LaTeX manual or LaTeX Companion for explanation.
Type  H <return>  for immediate help.
 ...                                              
                                                  
l.621 \end{verbatim}
                    
You may provide a definition with
\DeclareUnicodeCharacter 


/home/nicololo/Desktop/ULPGC/Cuarto/VC/Entrega_FINAL_VC/INFORME/MEMORIA.tex:621: LaTeX Error: Unicode character ─ (U+2500)
               not set up for use with LaTeX.

See the LaTeX manual or LaTeX Companion for explanation.
Type  H <return>  for immediate help.
 ...                                              
                                                  
l.621 \end{verbatim}
                    
You may provide a definition with
\DeclareUnicodeCharacter 


/home/nicololo/Desktop/ULPGC/Cuarto/VC/Entrega_FINAL_VC/INFORME/MEMORIA.tex:621: LaTeX Error: Unicode character │ (U+2502)
               not set up for use with LaTeX.

See the LaTeX manual or LaTeX Companion for explanation.
Type  H <return>  for immediate help.
 ...                                              
                                                  
l.621 \end{verbatim}
                    
You may provide a definition with
\DeclareUnicodeCharacter 


/home/nicololo/Desktop/ULPGC/Cuarto/VC/Entrega_FINAL_VC/INFORME/MEMORIA.tex:621: LaTeX Error: Unicode character ├ (U+251C)
               not set up for use with LaTeX.

See the LaTeX manual or LaTeX Companion for explanation.
Type  H <return>  for immediate help.
 ...                                              
                                                  
l.621 \end{verbatim}
                    
You may provide a definition with
\DeclareUnicodeCharacter 


/home/nicololo/Desktop/ULPGC/Cuarto/VC/Entrega_FINAL_VC/INFORME/MEMORIA.tex:621: LaTeX Error: Unicode character ─ (U+2500)
               not set up for use with LaTeX.

See the LaTeX manual or LaTeX Companion for explanation.
Type  H <return>  for immediate help.
 ...                                              
                                                  
l.621 \end{verbatim}
                    
You may provide a definition with
\DeclareUnicodeCharacter 


/home/nicololo/Desktop/ULPGC/Cuarto/VC/Entrega_FINAL_VC/INFORME/MEMORIA.tex:621: LaTeX Error: Unicode character ─ (U+2500)
               not set up for use with LaTeX.

See the LaTeX manual or LaTeX Companion for explanation.
Type  H <return>  for immediate help.
 ...                                              
                                                  
l.621 \end{verbatim}
                    
You may provide a definition with
\DeclareUnicodeCharacter 


/home/nicololo/Desktop/ULPGC/Cuarto/VC/Entrega_FINAL_VC/INFORME/MEMORIA.tex:621: LaTeX Error: Unicode character │ (U+2502)
               not set up for use with LaTeX.

See the LaTeX manual or LaTeX Companion for explanation.
Type  H <return>  for immediate help.
 ...                                              
                                                  
l.621 \end{verbatim}
                    
You may provide a definition with
\DeclareUnicodeCharacter 


/home/nicololo/Desktop/ULPGC/Cuarto/VC/Entrega_FINAL_VC/INFORME/MEMORIA.tex:621: LaTeX Error: Unicode character └ (U+2514)
               not set up for use with LaTeX.

See the LaTeX manual or LaTeX Companion for explanation.
Type  H <return>  for immediate help.
 ...                                              
                                                  
l.621 \end{verbatim}
                    
You may provide a definition with
\DeclareUnicodeCharacter 


/home/nicololo/Desktop/ULPGC/Cuarto/VC/Entrega_FINAL_VC/INFORME/MEMORIA.tex:621: LaTeX Error: Unicode character ─ (U+2500)
               not set up for use with LaTeX.

See the LaTeX manual or LaTeX Companion for explanation.
Type  H <return>  for immediate help.
 ...                                              
                                                  
l.621 \end{verbatim}
                    
You may provide a definition with
\DeclareUnicodeCharacter 


/home/nicololo/Desktop/ULPGC/Cuarto/VC/Entrega_FINAL_VC/INFORME/MEMORIA.tex:621: LaTeX Error: Unicode character ─ (U+2500)
               not set up for use with LaTeX.

See the LaTeX manual or LaTeX Companion for explanation.
Type  H <return>  for immediate help.
 ...                                              
                                                  
l.621 \end{verbatim}
                    
You may provide a definition with
\DeclareUnicodeCharacter 

[16]

/home/nicololo/Desktop/ULPGC/Cuarto/VC/Entrega_FINAL_VC/INFORME/MEMORIA.tex:621: LaTeX Error: Unicode character ├ (U+251C)
               not set up for use with LaTeX.

See the LaTeX manual or LaTeX Companion for explanation.
Type  H <return>  for immediate help.
 ...                                              
                                                  
l.621 \end{verbatim}
                    
You may provide a definition with
\DeclareUnicodeCharacter 


/home/nicololo/Desktop/ULPGC/Cuarto/VC/Entrega_FINAL_VC/INFORME/MEMORIA.tex:621: LaTeX Error: Unicode character ─ (U+2500)
               not set up for use with LaTeX.

See the LaTeX manual or LaTeX Companion for explanation.
Type  H <return>  for immediate help.
 ...                                              
                                                  
l.621 \end{verbatim}
                    
You may provide a definition with
\DeclareUnicodeCharacter 


/home/nicololo/Desktop/ULPGC/Cuarto/VC/Entrega_FINAL_VC/INFORME/MEMORIA.tex:621: LaTeX Error: Unicode character ─ (U+2500)
               not set up for use with LaTeX.

See the LaTeX manual or LaTeX Companion for explanation.
Type  H <return>  for immediate help.
 ...                                              
                                                  
l.621 \end{verbatim}
                    
You may provide a definition with
\DeclareUnicodeCharacter 


/home/nicololo/Desktop/ULPGC/Cuarto/VC/Entrega_FINAL_VC/INFORME/MEMORIA.tex:621: LaTeX Error: Unicode character ├ (U+251C)
               not set up for use with LaTeX.

See the LaTeX manual or LaTeX Companion for explanation.
Type  H <return>  for immediate help.
 ...                                              
                                                  
l.621 \end{verbatim}
                    
You may provide a definition with
\DeclareUnicodeCharacter 


/home/nicololo/Desktop/ULPGC/Cuarto/VC/Entrega_FINAL_VC/INFORME/MEMORIA.tex:621: LaTeX Error: Unicode character ─ (U+2500)
               not set up for use with LaTeX.

See the LaTeX manual or LaTeX Companion for explanation.
Type  H <return>  for immediate help.
 ...                                              
                                                  
l.621 \end{verbatim}
                    
You may provide a definition with
\DeclareUnicodeCharacter 


/home/nicololo/Desktop/ULPGC/Cuarto/VC/Entrega_FINAL_VC/INFORME/MEMORIA.tex:621: LaTeX Error: Unicode character ─ (U+2500)
               not set up for use with LaTeX.

See the LaTeX manual or LaTeX Companion for explanation.
Type  H <return>  for immediate help.
 ...                                              
                                                  
l.621 \end{verbatim}
                    
You may provide a definition with
\DeclareUnicodeCharacter 


/home/nicololo/Desktop/ULPGC/Cuarto/VC/Entrega_FINAL_VC/INFORME/MEMORIA.tex:621: LaTeX Error: Unicode character ├ (U+251C)
               not set up for use with LaTeX.

See the LaTeX manual or LaTeX Companion for explanation.
Type  H <return>  for immediate help.
 ...                                              
                                                  
l.621 \end{verbatim}
                    
You may provide a definition with
\DeclareUnicodeCharacter 


/home/nicololo/Desktop/ULPGC/Cuarto/VC/Entrega_FINAL_VC/INFORME/MEMORIA.tex:621: LaTeX Error: Unicode character ─ (U+2500)
               not set up for use with LaTeX.

See the LaTeX manual or LaTeX Companion for explanation.
Type  H <return>  for immediate help.
 ...                                              
                                                  
l.621 \end{verbatim}
                    
You may provide a definition with
\DeclareUnicodeCharacter 


/home/nicololo/Desktop/ULPGC/Cuarto/VC/Entrega_FINAL_VC/INFORME/MEMORIA.tex:621: LaTeX Error: Unicode character ─ (U+2500)
               not set up for use with LaTeX.

See the LaTeX manual or LaTeX Companion for explanation.
Type  H <return>  for immediate help.
 ...                                              
                                                  
l.621 \end{verbatim}
                    
You may provide a definition with
\DeclareUnicodeCharacter 


/home/nicololo/Desktop/ULPGC/Cuarto/VC/Entrega_FINAL_VC/INFORME/MEMORIA.tex:621: LaTeX Error: Unicode character └ (U+2514)
               not set up for use with LaTeX.

See the LaTeX manual or LaTeX Companion for explanation.
Type  H <return>  for immediate help.
 ...                                              
                                                  
l.621 \end{verbatim}
                    
You may provide a definition with
\DeclareUnicodeCharacter 


/home/nicololo/Desktop/ULPGC/Cuarto/VC/Entrega_FINAL_VC/INFORME/MEMORIA.tex:621: LaTeX Error: Unicode character ─ (U+2500)
               not set up for use with LaTeX.

See the LaTeX manual or LaTeX Companion for explanation.
Type  H <return>  for immediate help.
 ...                                              
                                                  
l.621 \end{verbatim}
                    
You may provide a definition with
\DeclareUnicodeCharacter 


/home/nicololo/Desktop/ULPGC/Cuarto/VC/Entrega_FINAL_VC/INFORME/MEMORIA.tex:621: LaTeX Error: Unicode character ─ (U+2500)
               not set up for use with LaTeX.

See the LaTeX manual or LaTeX Companion for explanation.
Type  H <return>  for immediate help.
 ...                                              
                                                  
l.621 \end{verbatim}
                    
You may provide a definition with
\DeclareUnicodeCharacter 

[17]
Overfull \hbox (116.07362pt too wide) in paragraph at lines 660--661
[]\T1/cmr/m/it/12 Nota: Las im-ge-nes pue-den in-ser-tar-se aqu usan-do: \in-clu-de-graphics[width=0.8\textwidth]{ruta/imagen.png} 
 []

[18] [19] (./MEMORIA.aux
LaTeX Info: Redefining \. on input line 11.
LaTeX Info: Redefining \% on input line 11.
)
 ***********
LaTeX2e <2023-11-01> patch level 1
L3 programming layer <2024-01-22>
 ***********


Package rerunfilecheck Warning: File `MEMORIA.out' has changed.
(rerunfilecheck)                Rerun to get outlines right
(rerunfilecheck)                or use package `bookmark'.

Package rerunfilecheck Info: Checksums for `MEMORIA.out':
(rerunfilecheck)             Before: <no file>
(rerunfilecheck)             After:  95262D357E9BABB8944DF17BE5FB5E9E;10539.
 ) 
Here is how much of TeX's memory you used:
 12753 strings out of 474222
 198985 string characters out of 5748734
 1932975 words of memory out of 5000000
 34730 multiletter control sequences out of 15000+600000
 568951 words of font info for 58 fonts, out of 8000000 for 9000
 1141 hyphenation exceptions out of 8191
 75i,6n,79p,447b,598s stack positions out of 10000i,1000n,20000p,200000b,200000s
</usr/share/texmf/fonts/type1/public/cm-super/sfbx1200.pfb></usr/share/texmf/fonts/type1/public/cm-super/sfbx1440.pfb></usr/share/texmf/fonts/type1/public/cm-super/sfbx1728.pfb></usr/share/texmf/fonts/type1/public/cm-super/sfbx2488.pfb></usr/share/texmf/fonts/type1/public/cm-super/sfrm1200.pfb></usr/share/texmf/fonts/type1/public/cm-super/sfrm1440.pfb></usr/share/texmf/fonts/type1/public/cm-super/sfrm1728.pfb></usr/share/texmf/fonts/type1/public/cm-super/sfti1200.pfb></usr/share/texmf/fonts/type1/public/cm-super/sftt1200.pfb>
Output written on MEMORIA.pdf (19 pages, 231437 bytes).
PDF statistics:
 296 PDF objects out of 1000 (max. 8388607)
 250 compressed objects within 3 object streams
 140 named destinations out of 1000 (max. 500000)
 5 words of extra memory for PDF output out of 10000 (max. 10000000)

